  [4;36;1mSQL (0.1ms)[0m   [0;1mSET SQL_AUTO_IS_NULL=0[0m
  [4;35;1mSQL (0.2ms)[0m   [0mSHOW TABLES[0m
  [4;36;1mSQL (76.1ms)[0m   [0;1mCREATE TABLE `schema_migrations` (`version` varchar(255) NOT NULL) ENGINE=InnoDB[0m
  [4;35;1mSQL (234.8ms)[0m   [0mCREATE UNIQUE INDEX `unique_schema_migrations` ON `schema_migrations` (`version`)[0m
  [4;36;1mSQL (0.5ms)[0m   [0;1mSHOW TABLES[0m
  [4;35;1mSQL (0.4ms)[0m   [0mSELECT version FROM schema_migrations[0m
Migrating to CreateUsers (20100308040321)
  [4;36;1mSQL (92.2ms)[0m   [0;1mCREATE TABLE `users` (`id` int(11) DEFAULT NULL auto_increment PRIMARY KEY, `login` varchar(255) NOT NULL, `first_name` varchar(255), `last_name` varchar(255), `email` varchar(255) NOT NULL, `crypted_password` varchar(255) NOT NULL, `password_salt` varchar(255) NOT NULL, `persistence_token` varchar(255) NOT NULL, `single_access_token` varchar(255) NOT NULL, `perishable_token` varchar(255) NOT NULL, `login_count` int(11) DEFAULT 0 NOT NULL, `failed_login_count` int(11) DEFAULT 0 NOT NULL, `last_request_at` datetime, `current_login_at` datetime, `last_login_at` datetime, `current_login_ip` varchar(255), `last_login_ip` varchar(255), `created_at` datetime, `updated_at` datetime) ENGINE=InnoDB[0m
  [4;35;1mSQL (34.5ms)[0m   [0mINSERT INTO schema_migrations (version) VALUES ('20100308040321')[0m
  [4;36;1mSQL (0.7ms)[0m   [0;1mSHOW TABLES[0m
  [4;35;1mSQL (0.3ms)[0m   [0mSELECT version FROM schema_migrations[0m
  [4;36;1mSQL (0.3ms)[0m   [0;1mSHOW TABLES[0m
  [4;35;1mSQL (2.3ms)[0m   [0mSHOW FIELDS FROM `users`[0m
  [4;36;1mSQL (2.1ms)[0m   [0;1mdescribe `users`[0m
  [4;35;1mSQL (0.7ms)[0m   [0mSHOW KEYS FROM `users`[0m
  [4;36;1mSQL (0.1ms)[0m   [0;1mSET SQL_AUTO_IS_NULL=0[0m


Processing UserSessionsController#new (for 127.0.0.1 at 2010-03-08 21:03:56) [GET]
Rendering user_sessions/new

ActionView::TemplateError (Called id for nil, which would mistakenly be 4 -- if you really wanted the id of nil, use object_id) on line #3 of app/views/user_sessions/new.html.erb:
1: <h1>Login</h1>
2:  
3: <% form_for @user_session, :url => user_session_path do |f| %>
4:   <%= f.error_messages %>
5:   <%= f.label :login %><br />
6:   <%= f.text_field :login %><br />

    app/views/user_sessions/new.html.erb:3
    <internal:prelude>:8:in `synchronize'
    /usr/local/lib/ruby/1.9.1/webrick/httpserver.rb:111:in `service'
    /usr/local/lib/ruby/1.9.1/webrick/httpserver.rb:70:in `run'
    /usr/local/lib/ruby/1.9.1/webrick/server.rb:183:in `block in start_thread'

Rendered rescues/_trace (66.9ms)
Rendered rescues/_request_and_response (1.3ms)
Rendering rescues/layout (internal_server_error)
  [4;36;1mSQL (0.1ms)[0m   [0;1mSET SQL_AUTO_IS_NULL=0[0m


Processing UserSessionsController#new (for 127.0.0.1 at 2010-03-08 21:08:16) [GET]
  Parameters: {"controller"=>"user_sessions", "action"=>"new"}
Rendering user_sessions/new

ActionView::TemplateError (Called id for nil, which would mistakenly be 4 -- if you really wanted the id of nil, use object_id) on line #3 of app/views/user_sessions/new.html.erb:
1: <h1>Login</h1>
2:  
3: <% form_for @user_session, :url => user_session_path do |f| %>
4:   <%= f.error_messages %>
5:   <%= f.label :login %><br />
6:   <%= f.text_field :login %><br />

    app/views/user_sessions/new.html.erb:3
    <internal:prelude>:8:in `synchronize'
    /usr/local/lib/ruby/1.9.1/webrick/httpserver.rb:111:in `service'
    /usr/local/lib/ruby/1.9.1/webrick/httpserver.rb:70:in `run'
    /usr/local/lib/ruby/1.9.1/webrick/server.rb:183:in `block in start_thread'

Rendered rescues/_trace (54.0ms)
Rendered rescues/_request_and_response (1.2ms)
Rendering rescues/layout (internal_server_error)
  [4;35;1mSQL (0.1ms)[0m   [0mSET SQL_AUTO_IS_NULL=0[0m


Processing UserSessionsController#new (for 127.0.0.1 at 2010-03-08 21:09:17) [GET]
  Parameters: {"controller"=>"user_sessions", "action"=>"new"}
  [4;36;1mUser Columns (3.4ms)[0m   [0;1mSHOW FIELDS FROM `users`[0m
Rendering user_sessions/new
Completed in 85ms (View: 59, DB: 4) | 200 OK [http://localhost/]
  [4;35;1mSQL (14.9ms)[0m   [0mSET SQL_AUTO_IS_NULL=0[0m


Processing UserSessionsController#create (for 127.0.0.1 at 2010-03-08 21:12:45) [POST]
  Parameters: {"user_session"=>{"login"=>"admin", "password"=>"[FILTERED]", "remember_me"=>"0"}, "commit"=>"Login", "controller"=>"user_sessions", "action"=>"create"}
  [4;36;1mUser Columns (2.5ms)[0m   [0;1mSHOW FIELDS FROM `users`[0m
  [4;35;1mUser Load (0.8ms)[0m   [0mSELECT * FROM `users` WHERE (LOWER(`users`.login) = 'admin') LIMIT 1[0m
Rendering user_sessions/new
Completed in 33ms (View: 6, DB: 18) | 200 OK [http://localhost/user_session]
  [4;36;1mSQL (0.2ms)[0m   [0;1mSET SQL_AUTO_IS_NULL=0[0m
  [4;35;1mUser Columns (2.3ms)[0m   [0mSHOW FIELDS FROM `users`[0m
  [4;36;1mSQL (0.8ms)[0m   [0;1mSHOW TABLES[0m
  [4;35;1mSQL (0.2ms)[0m   [0mBEGIN[0m
  [4;36;1mUser Load (15.0ms)[0m   [0;1mSELECT `users`.id FROM `users` WHERE (LOWER(`users`.`email`) = BINARY 'yourmom@yahoo.com') LIMIT 1[0m
  [4;35;1mUser Load (0.6ms)[0m   [0mSELECT `users`.id FROM `users` WHERE (LOWER(`users`.`login`) = BINARY 'narshlob') LIMIT 1[0m
  [4;36;1mUser Load (0.3ms)[0m   [0;1mSELECT `users`.id FROM `users` WHERE (`users`.`persistence_token` = BINARY '97864e6248196f6cbea7dc9cd994cc6b96e8ed034c2a229c67993a2b9927fe42212559f98def9e77dbb26815146a4ef4937c26be067d3436c9048e7386d1468d') LIMIT 1[0m
  [4;35;1mUser Load (0.8ms)[0m   [0mSELECT `users`.id FROM `users` WHERE (`users`.`single_access_token` = BINARY '1kqmc2sXoYCDn5wwIS6D') LIMIT 1[0m
  [4;36;1mSQL (0.1ms)[0m   [0;1mROLLBACK[0m
  [4;36;1mSQL (0.1ms)[0m   [0;1mSET SQL_AUTO_IS_NULL=0[0m


Processing UserSessionsController#create (for 127.0.0.1 at 2010-03-08 21:16:28) [POST]
  Parameters: {"user_session"=>{"login"=>"narshlob", "password"=>"[FILTERED]", "remember_me"=>"0"}, "commit"=>"Login", "controller"=>"user_sessions", "action"=>"create"}
  [4;35;1mUser Columns (1.3ms)[0m   [0mSHOW FIELDS FROM `users`[0m
Rendering user_sessions/new
Completed in 38ms (View: 27, DB: 1) | 200 OK [http://localhost/user_session]
  [4;36;1mSQL (0.1ms)[0m   [0;1mSET SQL_AUTO_IS_NULL=0[0m


Processing UserSessionsController#new (for 127.0.0.1 at 2010-03-08 21:26:58) [GET]
  Parameters: {"controller"=>"user_sessions", "action"=>"new"}
  [4;35;1mUser Columns (1.1ms)[0m   [0mSHOW FIELDS FROM `users`[0m
Rendering template within layouts/application
Rendering user_sessions/new
  [4;36;1mSQL (0.4ms)[0m   [0;1mSELECT count(*) AS count_all FROM `users` WHERE (last_request_at > '2010-03-09 04:16:58') [0m

ActionView::TemplateError (undefined local variable or method `new_account_path' for #<ActionView::Base:0xa300848>) on line #22 of app/views/layouts/application.html.erb:
19:  
20:  
21: <% if !current_user %>
22:   <%= link_to "Register", new_account_path %> |
23:   <%= link_to "Log In", new_user_session_path %> |
24: <% else %>
25:   <%= link_to "My Account", account_path %> |

    app/views/layouts/application.html.erb:22
    <internal:prelude>:8:in `synchronize'
    /usr/local/lib/ruby/1.9.1/webrick/httpserver.rb:111:in `service'
    /usr/local/lib/ruby/1.9.1/webrick/httpserver.rb:70:in `run'
    /usr/local/lib/ruby/1.9.1/webrick/server.rb:183:in `block in start_thread'

Rendered rescues/_trace (53.5ms)
Rendered rescues/_request_and_response (1.2ms)
Rendering rescues/layout (internal_server_error)
  [4;36;1mSQL (0.1ms)[0m   [0;1mSET SQL_AUTO_IS_NULL=0[0m


Processing UserSessionsController#new (for 127.0.0.1 at 2010-03-08 21:28:39) [GET]
  Parameters: {"controller"=>"user_sessions", "action"=>"new"}
  [4;35;1mUser Columns (1.1ms)[0m   [0mSHOW FIELDS FROM `users`[0m
Rendering template within layouts/application
Rendering user_sessions/new
  [4;36;1mSQL (0.3ms)[0m   [0;1mSELECT count(*) AS count_all FROM `users` WHERE (last_request_at > '2010-03-09 04:18:39') [0m
Completed in 156ms (View: 145, DB: 1) | 200 OK [http://localhost/]
  [4;35;1mSQL (6.3ms)[0m   [0mSET SQL_AUTO_IS_NULL=0[0m


Processing ApplicationController#index (for 127.0.0.1 at 2010-03-08 21:28:39) [GET]

ActionController::RoutingError (No route matches "/stylesheets/scaffold.css" with {:method=>:get}):
  <internal:prelude>:8:in `synchronize'
  /usr/local/lib/ruby/1.9.1/webrick/httpserver.rb:111:in `service'
  /usr/local/lib/ruby/1.9.1/webrick/httpserver.rb:70:in `run'
  /usr/local/lib/ruby/1.9.1/webrick/server.rb:183:in `block in start_thread'

Rendering rescues/layout (not_found)
  [4;36;1mSQL (0.1ms)[0m   [0;1mSET SQL_AUTO_IS_NULL=0[0m


Processing UsersController#new (for 127.0.0.1 at 2010-03-08 21:28:42) [GET]
  Parameters: {"controller"=>"users", "action"=>"new"}
  [4;35;1mUser Columns (2.5ms)[0m   [0mSHOW FIELDS FROM `users`[0m
Rendering template within layouts/application
Rendering users/new
Rendered users/_form (1.3ms)
  [4;36;1mSQL (0.3ms)[0m   [0;1mSELECT count(*) AS count_all FROM `users` WHERE (last_request_at > '2010-03-09 04:18:42') [0m
Completed in 50ms (View: 25, DB: 3) | 200 OK [http://localhost/account/new]
  [4;35;1mSQL (0.1ms)[0m   [0mSET SQL_AUTO_IS_NULL=0[0m


Processing ApplicationController#index (for 127.0.0.1 at 2010-03-08 21:28:42) [GET]

ActionController::RoutingError (No route matches "/stylesheets/scaffold.css" with {:method=>:get}):
  <internal:prelude>:8:in `synchronize'
  /usr/local/lib/ruby/1.9.1/webrick/httpserver.rb:111:in `service'
  /usr/local/lib/ruby/1.9.1/webrick/httpserver.rb:70:in `run'
  /usr/local/lib/ruby/1.9.1/webrick/server.rb:183:in `block in start_thread'

Rendering rescues/layout (not_found)
  [4;36;1mSQL (0.1ms)[0m   [0;1mSET SQL_AUTO_IS_NULL=0[0m


Processing UsersController#create (for 127.0.0.1 at 2010-03-08 21:28:54) [POST]
  Parameters: {"user"=>{"login"=>"narshlob", "password"=>"[FILTERED]", "password_confirmation"=>"[FILTERED]"}, "commit"=>"Register", "controller"=>"users", "action"=>"create"}
  [4;35;1mUser Columns (2.3ms)[0m   [0mSHOW FIELDS FROM `users`[0m
  [4;36;1mSQL (0.2ms)[0m   [0;1mBEGIN[0m
  [4;35;1mUser Load (0.2ms)[0m   [0mSELECT `users`.id FROM `users` WHERE (LOWER(`users`.`login`) = BINARY 'narshlob') LIMIT 1[0m
  [4;36;1mUser Load (0.5ms)[0m   [0;1mSELECT `users`.id FROM `users` WHERE (`users`.`persistence_token` = BINARY '6bd5e7e3d98aaca06d4d0f63fcc46ec26e587796b08936dced3f3df73408a78e372af04711816654605ec485ada1c8ef2dd21d95565162d223727707c84ddc30') LIMIT 1[0m
  [4;35;1mUser Load (0.3ms)[0m   [0mSELECT `users`.id FROM `users` WHERE (`users`.`single_access_token` = BINARY 'Xghw0nOUJubhEuFoR6Qy') LIMIT 1[0m
  [4;36;1mSQL (6.5ms)[0m   [0;1mROLLBACK[0m
Rendering template within layouts/application
Rendering users/new
Rendered users/_form (1.7ms)
  [4;35;1mSQL (0.6ms)[0m   [0mSELECT count(*) AS count_all FROM `users` WHERE (last_request_at > '2010-03-09 04:18:54') [0m
Completed in 71ms (View: 23, DB: 11) | 200 OK [http://localhost/account]
  [4;36;1mSQL (0.5ms)[0m   [0;1mSET SQL_AUTO_IS_NULL=0[0m


Processing ApplicationController#index (for 127.0.0.1 at 2010-03-08 21:28:54) [GET]

ActionController::RoutingError (No route matches "/stylesheets/scaffold.css" with {:method=>:get}):
  <internal:prelude>:8:in `synchronize'
  /usr/local/lib/ruby/1.9.1/webrick/httpserver.rb:111:in `service'
  /usr/local/lib/ruby/1.9.1/webrick/httpserver.rb:70:in `run'
  /usr/local/lib/ruby/1.9.1/webrick/server.rb:183:in `block in start_thread'

Rendering rescues/layout (not_found)
  [4;35;1mSQL (0.1ms)[0m   [0mSET SQL_AUTO_IS_NULL=0[0m


Processing UsersController#create (for 127.0.0.1 at 2010-03-08 21:29:09) [POST]
  Parameters: {"user"=>{"login"=>"narshlob@yourmoma.com", "password"=>"[FILTERED]", "password_confirmation"=>"[FILTERED]"}, "commit"=>"Register", "controller"=>"users", "action"=>"create"}
  [4;36;1mUser Columns (2.4ms)[0m   [0;1mSHOW FIELDS FROM `users`[0m
  [4;35;1mSQL (0.2ms)[0m   [0mBEGIN[0m
  [4;36;1mUser Load (0.6ms)[0m   [0;1mSELECT `users`.id FROM `users` WHERE (LOWER(`users`.`login`) = BINARY 'narshlob@yourmoma.com') LIMIT 1[0m
  [4;35;1mUser Load (0.3ms)[0m   [0mSELECT `users`.id FROM `users` WHERE (`users`.`persistence_token` = BINARY 'dcd8e44b4c92da30ab17409946d126454e416b61f2bc2959845ed7378c54ec423e95bc45ad8568e01afa9fe1f186c1efdda8dd78f8d13ab48871f4269c4fa63b') LIMIT 1[0m
  [4;36;1mUser Load (0.3ms)[0m   [0;1mSELECT `users`.id FROM `users` WHERE (`users`.`single_access_token` = BINARY '0qfzQfH6oWaFeYJUlNJC') LIMIT 1[0m
  [4;35;1mSQL (0.1ms)[0m   [0mROLLBACK[0m
Rendering template within layouts/application
Rendering users/new
Rendered users/_form (1.7ms)
  [4;36;1mSQL (0.6ms)[0m   [0;1mSELECT count(*) AS count_all FROM `users` WHERE (last_request_at > '2010-03-09 04:19:10') [0m
Completed in 57ms (View: 15, DB: 5) | 200 OK [http://localhost/account]
  [4;35;1mSQL (3.0ms)[0m   [0mSET SQL_AUTO_IS_NULL=0[0m


Processing ApplicationController#index (for 127.0.0.1 at 2010-03-08 21:29:10) [GET]

ActionController::RoutingError (No route matches "/stylesheets/scaffold.css" with {:method=>:get}):
  <internal:prelude>:8:in `synchronize'
  /usr/local/lib/ruby/1.9.1/webrick/httpserver.rb:111:in `service'
  /usr/local/lib/ruby/1.9.1/webrick/httpserver.rb:70:in `run'
  /usr/local/lib/ruby/1.9.1/webrick/server.rb:183:in `block in start_thread'

Rendering rescues/layout (not_found)
  [4;36;1mSQL (0.1ms)[0m   [0;1mSET SQL_AUTO_IS_NULL=0[0m


Processing UsersController#show (for 127.0.0.1 at 2010-03-08 21:30:33) [GET]
  Parameters: {"controller"=>"users", "action"=>"show"}
  [4;35;1mUser Columns (2.4ms)[0m   [0mSHOW FIELDS FROM `users`[0m
Redirected to http://localhost:3000/user_session/new
Filter chain halted as [:require_user] rendered_or_redirected.
Completed in 29ms (DB: 3) | 302 Found [http://localhost/account]
  [4;36;1mSQL (0.1ms)[0m   [0;1mSET SQL_AUTO_IS_NULL=0[0m


Processing UserSessionsController#new (for 127.0.0.1 at 2010-03-08 21:30:33) [GET]
  Parameters: {"controller"=>"user_sessions", "action"=>"new"}
  [4;35;1mUser Columns (1.0ms)[0m   [0mSHOW FIELDS FROM `users`[0m
Rendering template within layouts/application
Rendering user_sessions/new
  [4;36;1mSQL (0.3ms)[0m   [0;1mSELECT count(*) AS count_all FROM `users` WHERE (last_request_at > '2010-03-09 04:20:33') [0m
Completed in 14ms (View: 4, DB: 1) | 200 OK [http://localhost/user_session/new]
  [4;35;1mSQL (0.1ms)[0m   [0mSET SQL_AUTO_IS_NULL=0[0m


Processing ApplicationController#index (for 127.0.0.1 at 2010-03-08 21:30:33) [GET]

ActionController::RoutingError (No route matches "/stylesheets/scaffold.css" with {:method=>:get}):
  <internal:prelude>:8:in `synchronize'
  /usr/local/lib/ruby/1.9.1/webrick/httpserver.rb:111:in `service'
  /usr/local/lib/ruby/1.9.1/webrick/httpserver.rb:70:in `run'
  /usr/local/lib/ruby/1.9.1/webrick/server.rb:183:in `block in start_thread'

Rendering rescues/layout (not_found)
  [4;36;1mSQL (0.2ms)[0m   [0;1mSET SQL_AUTO_IS_NULL=0[0m


Processing UsersController#new (for 127.0.0.1 at 2010-03-08 21:30:37) [GET]
  Parameters: {"controller"=>"users", "action"=>"new"}
  [4;35;1mUser Columns (2.5ms)[0m   [0mSHOW FIELDS FROM `users`[0m
Rendering template within layouts/application
Rendering users/new

ActionView::TemplateError (undefined method `lable' for #<ActionView::Helpers::FormBuilder:0xb25ea5c>) on line #1 of app/views/users/_form.html.erb:
1: <%= form.lable :email %><br />
2: <%= form.text_field :email %><br />
3: <%= form.label :login %><br />
4: <%= form.text_field :login %><br />

    app/views/users/_form.html.erb:1
    app/views/users/new.html.erb:5:in `block in _run_erb_app47views47users47new46html46erb'
    app/views/users/new.html.erb:3
    <internal:prelude>:8:in `synchronize'
    /usr/local/lib/ruby/1.9.1/webrick/httpserver.rb:111:in `service'
    /usr/local/lib/ruby/1.9.1/webrick/httpserver.rb:70:in `run'
    /usr/local/lib/ruby/1.9.1/webrick/server.rb:183:in `block in start_thread'

Rendered rescues/_trace (120.9ms)
Rendered rescues/_request_and_response (1.2ms)
Rendering rescues/layout (internal_server_error)
  [4;36;1mSQL (0.2ms)[0m   [0;1mSET SQL_AUTO_IS_NULL=0[0m


Processing UsersController#new (for 127.0.0.1 at 2010-03-08 21:30:50) [GET]
  Parameters: {"controller"=>"users", "action"=>"new"}
  [4;35;1mUser Columns (2.7ms)[0m   [0mSHOW FIELDS FROM `users`[0m
Rendering template within layouts/application
Rendering users/new
Rendered users/_form (3.8ms)
  [4;36;1mSQL (0.7ms)[0m   [0;1mSELECT count(*) AS count_all FROM `users` WHERE (last_request_at > '2010-03-09 04:20:51') [0m
Completed in 63ms (View: 37, DB: 4) | 200 OK [http://localhost/account/new]
  [4;35;1mSQL (2.4ms)[0m   [0mSET SQL_AUTO_IS_NULL=0[0m


Processing ApplicationController#index (for 127.0.0.1 at 2010-03-08 21:30:51) [GET]

ActionController::RoutingError (No route matches "/stylesheets/scaffold.css" with {:method=>:get}):
  <internal:prelude>:8:in `synchronize'
  /usr/local/lib/ruby/1.9.1/webrick/httpserver.rb:111:in `service'
  /usr/local/lib/ruby/1.9.1/webrick/httpserver.rb:70:in `run'
  /usr/local/lib/ruby/1.9.1/webrick/server.rb:183:in `block in start_thread'

Rendering rescues/layout (not_found)
  [4;36;1mSQL (0.1ms)[0m   [0;1mSET SQL_AUTO_IS_NULL=0[0m


Processing UsersController#new (for 127.0.0.1 at 2010-03-08 21:31:07) [GET]
  Parameters: {"controller"=>"users", "action"=>"new"}
  [4;35;1mUser Columns (2.3ms)[0m   [0mSHOW FIELDS FROM `users`[0m
Rendering template within layouts/application
Rendering users/new
Rendered users/_form (3.7ms)
  [4;36;1mSQL (1.1ms)[0m   [0;1mSELECT count(*) AS count_all FROM `users` WHERE (last_request_at > '2010-03-09 04:21:07') [0m
Completed in 74ms (View: 37, DB: 4) | 200 OK [http://localhost/account/new]
  [4;35;1mSQL (0.2ms)[0m   [0mSET SQL_AUTO_IS_NULL=0[0m


Processing ApplicationController#index (for 127.0.0.1 at 2010-03-08 21:31:07) [GET]

ActionController::RoutingError (No route matches "/stylesheets/scaffold.css" with {:method=>:get}):
  <internal:prelude>:8:in `synchronize'
  /usr/local/lib/ruby/1.9.1/webrick/httpserver.rb:111:in `service'
  /usr/local/lib/ruby/1.9.1/webrick/httpserver.rb:70:in `run'
  /usr/local/lib/ruby/1.9.1/webrick/server.rb:183:in `block in start_thread'

Rendering rescues/layout (not_found)
  [4;36;1mSQL (14.9ms)[0m   [0;1mSET SQL_AUTO_IS_NULL=0[0m


Processing UsersController#create (for 127.0.0.1 at 2010-03-08 21:31:19) [POST]
  Parameters: {"user"=>{"email"=>"yourmom@whatever.com", "login"=>"narshlob", "password"=>"[FILTERED]", "password_confirmation"=>"[FILTERED]"}, "commit"=>"Register", "controller"=>"users", "action"=>"create"}
  [4;35;1mUser Columns (2.6ms)[0m   [0mSHOW FIELDS FROM `users`[0m
  [4;36;1mSQL (0.2ms)[0m   [0;1mBEGIN[0m
  [4;35;1mUser Load (0.5ms)[0m   [0mSELECT `users`.id FROM `users` WHERE (LOWER(`users`.`email`) = BINARY 'yourmom@whatever.com') LIMIT 1[0m
  [4;36;1mUser Load (0.1ms)[0m   [0;1mSELECT `users`.id FROM `users` WHERE (LOWER(`users`.`login`) = BINARY 'narshlob') LIMIT 1[0m
  [4;35;1mUser Load (0.3ms)[0m   [0mSELECT `users`.id FROM `users` WHERE (`users`.`persistence_token` = BINARY 'e6c578d7f5e3a564b3dfed60d7cfd34c085847e093fcae46fceaec8a7343c6dc0275b2b596a69c24d6c4a89a37f16eac5e231f7ce94819e9888812d443cf052e') LIMIT 1[0m
  [4;36;1mUser Load (0.3ms)[0m   [0;1mSELECT `users`.id FROM `users` WHERE (`users`.`single_access_token` = BINARY '88W8ld6nr3332URSq79E') LIMIT 1[0m
  [4;35;1mUser Create (3.7ms)[0m   [0mINSERT INTO `users` (`login`, `first_name`, `last_name`, `email`, `crypted_password`, `password_salt`, `persistence_token`, `single_access_token`, `perishable_token`, `login_count`, `failed_login_count`, `last_request_at`, `current_login_at`, `last_login_at`, `current_login_ip`, `last_login_ip`, `created_at`, `updated_at`) VALUES('narshlob', NULL, NULL, 'yourmom@whatever.com', '60c89f1a27d1daee2abe79f2962468d0e264e1613e37a8a080fbcfae33d786db354847e403af70c1de43a7b5b5e7c06f77ed2eea3079cde03eee8306f0033368', 'rLz1-84nuf_bdAVW6Zb9', 'e6c578d7f5e3a564b3dfed60d7cfd34c085847e093fcae46fceaec8a7343c6dc0275b2b596a69c24d6c4a89a37f16eac5e231f7ce94819e9888812d443cf052e', '88W8ld6nr3332URSq79E', 'NS5TqXw5HVC5Zo9QbxXs', 1, 0, '2010-03-09 04:31:19', '2010-03-09 04:31:19', NULL, '127.0.0.1', NULL, '2010-03-09 04:31:19', '2010-03-09 04:31:19')[0m
  [4;36;1mSQL (48.7ms)[0m   [0;1mCOMMIT[0m
Redirected to http://localhost:3000/account
Completed in 100ms (DB: 71) | 302 Found [http://localhost/account]
  [4;35;1mSQL (0.1ms)[0m   [0mSET SQL_AUTO_IS_NULL=0[0m


Processing UsersController#show (for 127.0.0.1 at 2010-03-08 21:31:19) [GET]
  Parameters: {"controller"=>"users", "action"=>"show"}
  [4;36;1mUser Columns (1.4ms)[0m   [0;1mSHOW FIELDS FROM `users`[0m
  [4;35;1mUser Load (0.5ms)[0m   [0mSELECT * FROM `users` WHERE (`users`.`persistence_token` = 'e6c578d7f5e3a564b3dfed60d7cfd34c085847e093fcae46fceaec8a7343c6dc0275b2b596a69c24d6c4a89a37f16eac5e231f7ce94819e9888812d443cf052e') LIMIT 1[0m
  [4;36;1mSQL (0.2ms)[0m   [0;1mBEGIN[0m
  [4;35;1mUser Update (0.3ms)[0m   [0mUPDATE `users` SET `last_request_at` = '2010-03-09 04:31:19', `perishable_token` = 'cASIIWuYz3n8NLWRI7Pg', `updated_at` = '2010-03-09 04:31:19' WHERE `id` = 1[0m
  [4;36;1mSQL (84.8ms)[0m   [0;1mCOMMIT[0m
Rendering template within layouts/application
Rendering users/show
  [4;35;1mSQL (0.3ms)[0m   [0mSELECT count(*) AS count_all FROM `users` WHERE (last_request_at > '2010-03-09 04:21:19') [0m
Completed in 149ms (View: 9, DB: 88) | 200 OK [http://localhost/account]
  [4;36;1mSQL (0.1ms)[0m   [0;1mSET SQL_AUTO_IS_NULL=0[0m


Processing ApplicationController#index (for 127.0.0.1 at 2010-03-08 21:31:19) [GET]

ActionController::RoutingError (No route matches "/stylesheets/scaffold.css" with {:method=>:get}):
  <internal:prelude>:8:in `synchronize'
  /usr/local/lib/ruby/1.9.1/webrick/httpserver.rb:111:in `service'
  /usr/local/lib/ruby/1.9.1/webrick/httpserver.rb:70:in `run'
  /usr/local/lib/ruby/1.9.1/webrick/server.rb:183:in `block in start_thread'

Rendering rescues/layout (not_found)
  [4;35;1mSQL (0.1ms)[0m   [0mSET SQL_AUTO_IS_NULL=0[0m


Processing UsersController#show (for 127.0.0.1 at 2010-03-08 21:31:23) [GET]
  Parameters: {"controller"=>"users", "action"=>"show"}
  [4;36;1mUser Columns (2.6ms)[0m   [0;1mSHOW FIELDS FROM `users`[0m
  [4;35;1mUser Load (0.8ms)[0m   [0mSELECT * FROM `users` WHERE (`users`.`persistence_token` = 'e6c578d7f5e3a564b3dfed60d7cfd34c085847e093fcae46fceaec8a7343c6dc0275b2b596a69c24d6c4a89a37f16eac5e231f7ce94819e9888812d443cf052e') LIMIT 1[0m
  [4;36;1mSQL (0.2ms)[0m   [0;1mBEGIN[0m
  [4;35;1mUser Update (0.5ms)[0m   [0mUPDATE `users` SET `last_request_at` = '2010-03-09 04:31:23', `perishable_token` = 'dNlIB1XDTPyxV1SpBcP2', `updated_at` = '2010-03-09 04:31:23' WHERE `id` = 1[0m
  [4;36;1mSQL (41.9ms)[0m   [0;1mCOMMIT[0m
Rendering template within layouts/application
Rendering users/show
  [4;35;1mSQL (0.5ms)[0m   [0mSELECT count(*) AS count_all FROM `users` WHERE (last_request_at > '2010-03-09 04:21:23') [0m
Completed in 87ms (View: 5, DB: 47) | 200 OK [http://localhost/account]
  [4;36;1mSQL (0.1ms)[0m   [0;1mSET SQL_AUTO_IS_NULL=0[0m


Processing ApplicationController#index (for 127.0.0.1 at 2010-03-08 21:31:24) [GET]

ActionController::RoutingError (No route matches "/stylesheets/scaffold.css" with {:method=>:get}):
  <internal:prelude>:8:in `synchronize'
  /usr/local/lib/ruby/1.9.1/webrick/httpserver.rb:111:in `service'
  /usr/local/lib/ruby/1.9.1/webrick/httpserver.rb:70:in `run'
  /usr/local/lib/ruby/1.9.1/webrick/server.rb:183:in `block in start_thread'

Rendering rescues/layout (not_found)
  [4;35;1mSQL (0.1ms)[0m   [0mSET SQL_AUTO_IS_NULL=0[0m


Processing UsersController#edit (for 127.0.0.1 at 2010-03-08 21:31:26) [GET]
  Parameters: {"controller"=>"users", "action"=>"edit"}
  [4;36;1mUser Columns (2.4ms)[0m   [0;1mSHOW FIELDS FROM `users`[0m
  [4;35;1mUser Load (0.9ms)[0m   [0mSELECT * FROM `users` WHERE (`users`.`persistence_token` = 'e6c578d7f5e3a564b3dfed60d7cfd34c085847e093fcae46fceaec8a7343c6dc0275b2b596a69c24d6c4a89a37f16eac5e231f7ce94819e9888812d443cf052e') LIMIT 1[0m
  [4;36;1mSQL (0.2ms)[0m   [0;1mBEGIN[0m
  [4;35;1mUser Update (0.5ms)[0m   [0mUPDATE `users` SET `last_request_at` = '2010-03-09 04:31:26', `perishable_token` = 'KdvFH2-fI_l1_bIbx480', `updated_at` = '2010-03-09 04:31:26' WHERE `id` = 1[0m
  [4;36;1mSQL (54.5ms)[0m   [0;1mCOMMIT[0m
Rendering template within layouts/application
Rendering users/edit
Rendered users/_form (2.1ms)
  [4;35;1mSQL (0.5ms)[0m   [0mSELECT count(*) AS count_all FROM `users` WHERE (last_request_at > '2010-03-09 04:21:26') [0m
Completed in 120ms (View: 25, DB: 59) | 200 OK [http://localhost/account/edit]
  [4;36;1mSQL (0.1ms)[0m   [0;1mSET SQL_AUTO_IS_NULL=0[0m


Processing ApplicationController#index (for 127.0.0.1 at 2010-03-08 21:31:26) [GET]

ActionController::RoutingError (No route matches "/stylesheets/scaffold.css" with {:method=>:get}):
  <internal:prelude>:8:in `synchronize'
  /usr/local/lib/ruby/1.9.1/webrick/httpserver.rb:111:in `service'
  /usr/local/lib/ruby/1.9.1/webrick/httpserver.rb:70:in `run'
  /usr/local/lib/ruby/1.9.1/webrick/server.rb:183:in `block in start_thread'

Rendering rescues/layout (not_found)
  [4;35;1mSQL (0.1ms)[0m   [0mSET SQL_AUTO_IS_NULL=0[0m


Processing UsersController#show (for 127.0.0.1 at 2010-03-08 21:31:29) [GET]
  Parameters: {"controller"=>"users", "action"=>"show"}
  [4;36;1mUser Columns (2.7ms)[0m   [0;1mSHOW FIELDS FROM `users`[0m
  [4;35;1mUser Load (3.0ms)[0m   [0mSELECT * FROM `users` WHERE (`users`.`persistence_token` = 'e6c578d7f5e3a564b3dfed60d7cfd34c085847e093fcae46fceaec8a7343c6dc0275b2b596a69c24d6c4a89a37f16eac5e231f7ce94819e9888812d443cf052e') LIMIT 1[0m
  [4;36;1mSQL (0.2ms)[0m   [0;1mBEGIN[0m
  [4;35;1mUser Update (1.1ms)[0m   [0mUPDATE `users` SET `last_request_at` = '2010-03-09 04:31:29', `perishable_token` = 'fj7u4jbhFgfC8Zs35C2d', `updated_at` = '2010-03-09 04:31:29' WHERE `id` = 1[0m
  [4;36;1mSQL (67.2ms)[0m   [0;1mCOMMIT[0m
Rendering template within layouts/application
Rendering users/show
  [4;35;1mSQL (0.6ms)[0m   [0mSELECT count(*) AS count_all FROM `users` WHERE (last_request_at > '2010-03-09 04:21:29') [0m
Completed in 119ms (View: 5, DB: 75) | 200 OK [http://localhost/account]
  [4;36;1mSQL (0.1ms)[0m   [0;1mSET SQL_AUTO_IS_NULL=0[0m


Processing ApplicationController#index (for 127.0.0.1 at 2010-03-08 21:31:29) [GET]

ActionController::RoutingError (No route matches "/stylesheets/scaffold.css" with {:method=>:get}):
  <internal:prelude>:8:in `synchronize'
  /usr/local/lib/ruby/1.9.1/webrick/httpserver.rb:111:in `service'
  /usr/local/lib/ruby/1.9.1/webrick/httpserver.rb:70:in `run'
  /usr/local/lib/ruby/1.9.1/webrick/server.rb:183:in `block in start_thread'

Rendering rescues/layout (not_found)
